<?xml version="1.0" encoding="UTF-8"?>
<!-- Generated by org.testng.reporters.JUnitReportReporter -->
<testsuite hostname="DESKTOP-UPACE1D" failures="0" tests="1" name="com.it.bd.tests.LoginTest" time="31.526" errors="0" timestamp="31 Oct 2023 11:47:02 GMT" skipped="0">
  <testcase classname="com.it.bd.tests.LoginTest" name="loginTest" time="31.526"/>
</testsuite> <!-- com.it.bd.tests.LoginTest -->
